<?xml version="1.0" encoding="UTF-8"?>
<testng-results ignored="0" total="1" passed="1" failed="0" skipped="0">
  <reporter-output>
  </reporter-output>
  <suite started-at="2023-01-16T00:50:17 IST" name="Surefire suite" finished-at="2023-01-16T00:50:57 IST" duration-ms="39262">
    <groups>
    </groups>
    <test started-at="2023-01-16T00:50:17 IST" name="Surefire test" finished-at="2023-01-16T00:50:57 IST" duration-ms="39262">
      <class name="com.persistent.register.ui.tests.TestClass">
        <test-method is-config="true" signature="createMsEdgeDriver()[pri:0, instance:com.persistent.register.ui.tests.TestClass@f736069]" started-at="2023-01-16T00:50:17 IST" name="createMsEdgeDriver" finished-at="2023-01-16T00:50:38 IST" duration-ms="20821" status="PASS">
          <reporter-output>
          </reporter-output>
        </test-method> <!-- createMsEdgeDriver -->
        <test-method signature="verify()[pri:0, instance:com.persistent.register.ui.tests.TestClass@f736069]" started-at="2023-01-16T00:50:38 IST" name="verify" finished-at="2023-01-16T00:50:55 IST" duration-ms="17001" status="PASS">
          <reporter-output>
          </reporter-output>
        </test-method> <!-- verify -->
        <test-method is-config="true" signature="close()[pri:0, instance:com.persistent.register.ui.tests.TestClass@f736069]" started-at="2023-01-16T00:50:55 IST" name="close" finished-at="2023-01-16T00:50:57 IST" duration-ms="1399" status="PASS">
          <reporter-output>
          </reporter-output>
        </test-method> <!-- close -->
      </class> <!-- com.persistent.register.ui.tests.TestClass -->
    </test> <!-- Surefire test -->
  </suite> <!-- Surefire suite -->
</testng-results>
