<?xml version="1.0" encoding="UTF-8"?>
<!-- Generated by org.testng.reporters.JUnitXMLReporter -->
<testsuite ignored="0" hostname="SKOTAPAT" failures="0" tests="3" name="Surefire test" time="70.474" errors="0" timestamp="2023-03-01T13:56:41 IST">
  <testcase classname="com.persistent.xyzbank.ui.tests.XYZBankTests" name="addCustomers" time="8.533"/>
  <testcase classname="com.persistent.xyzbank.ui.tests.XYZBankTests" name="customerLogin" time="25.668"/>
  <testcase classname="com.persistent.xyzbank.ui.tests.XYZBankTests" name="deleteAccount" time="20.407"/>
</testsuite> <!-- Surefire test -->
