<?xml version="1.0" encoding="UTF-8"?>
<testng-results ignored="0" total="3" passed="3" failed="0" skipped="0">
  <reporter-output>
  </reporter-output>
  <suite started-at="2023-03-01T13:55:31 IST" name="Surefire suite" finished-at="2023-03-01T13:56:41 IST" duration-ms="70474">
    <groups>
    </groups>
    <test started-at="2023-03-01T13:55:31 IST" name="Surefire test" finished-at="2023-03-01T13:56:41 IST" duration-ms="70474">
      <class name="com.persistent.xyzbank.ui.tests.XYZBankTests">
        <test-method is-config="true" signature="setup()[pri:0, instance:com.persistent.xyzbank.ui.tests.XYZBankTests@13fd2ccd]" started-at="2023-03-01T13:55:31 IST" name="setup" finished-at="2023-03-01T13:55:45 IST" duration-ms="14373" status="PASS">
          <reporter-output>
          </reporter-output>
        </test-method> <!-- setup -->
        <test-method signature="addCustomers(org.testng.ITestContext)[pri:0, instance:com.persistent.xyzbank.ui.tests.XYZBankTests@13fd2ccd]" started-at="2023-03-01T13:55:45 IST" name="addCustomers" finished-at="2023-03-01T13:55:54 IST" duration-ms="8533" status="PASS">
          <params>
            <param index="0">
              <value>
                <![CDATA[org.testng.TestRunner@7bc44ce8]]>
              </value>
            </param>
          </params>
          <reporter-output>
          </reporter-output>
        </test-method> <!-- addCustomers -->
        <test-method signature="customerLogin(org.testng.ITestContext)[pri:0, instance:com.persistent.xyzbank.ui.tests.XYZBankTests@13fd2ccd]" started-at="2023-03-01T13:55:54 IST" name="customerLogin" finished-at="2023-03-01T13:56:19 IST" duration-ms="25668" status="PASS">
          <params>
            <param index="0">
              <value>
                <![CDATA[org.testng.TestRunner@7bc44ce8]]>
              </value>
            </param>
          </params>
          <reporter-output>
          </reporter-output>
        </test-method> <!-- customerLogin -->
        <test-method signature="deleteAccount()[pri:0, instance:com.persistent.xyzbank.ui.tests.XYZBankTests@13fd2ccd]" started-at="2023-03-01T13:56:19 IST" name="deleteAccount" finished-at="2023-03-01T13:56:40 IST" duration-ms="20407" status="PASS">
          <reporter-output>
          </reporter-output>
        </test-method> <!-- deleteAccount -->
        <test-method is-config="true" signature="teardown()[pri:0, instance:com.persistent.xyzbank.ui.tests.XYZBankTests@13fd2ccd]" started-at="2023-03-01T13:56:40 IST" name="teardown" finished-at="2023-03-01T13:56:41 IST" duration-ms="1424" status="PASS">
          <reporter-output>
          </reporter-output>
        </test-method> <!-- teardown -->
      </class> <!-- com.persistent.xyzbank.ui.tests.XYZBankTests -->
    </test> <!-- Surefire test -->
  </suite> <!-- Surefire suite -->
</testng-results>
