<?xml version="1.0" encoding="UTF-8"?>
<testsuite xmlns:xsi="http://www.w3.org/2001/XMLSchema-instance" xsi:noNamespaceSchemaLocation="https://maven.apache.org/surefire/maven-surefire-plugin/xsd/surefire-test-report-3.0.xsd" version="3.0" name="com.persistent.xyzbank.ui.tests.XYZBankTests" time="71.134" tests="3" errors="0" skipped="0" failures="0">
  <properties>
[...]
</properties>
  <testcase name="addCustomers[org.testng.TestRunner@7bc44ce8](1)" classname="com.persistent.xyzbank.ui.tests.XYZBankTests" time="8.535">
    <system-out><![CDATA[onStart of test cases and its details are : Surefire test
Start of test cases and its details are : addCustomers
Customer added successfully with customer id :6
6
Customer added successfully with customer id :7
7
Hermoine Granger E859AB 1001 1002 1003 Delete
Harry Potter E725JB 1004 1005 1006 Delete
Ron Weasly E55555 1007 1008 1009 Delete
Albus Dumbledore E55656 1010 1011 1012 Delete
Neville Longbottom E89898 1013 1014 1015 Delete
sunitha Kota 516434 Delete
Hermoine Granger E859AB 1001 1002 1003 Delete
Harry Potter E725JB 1004 1005 1006 Delete
Ron Weasly E55555 1007 1008 1009 Delete
Albus Dumbledore E55656 1010 1011 1012 Delete
Neville Longbottom E89898 1013 1014 1015 Delete
sunitha Kota 516434 Delete
suma Rudi_reddy 516411 Delete
Account created successfully with account Number :1016
1016
Account created successfully with account Number :1017
1017
Hermoine Granger E859AB 1001 1002 1003 Delete
Harry Potter E725JB 1004 1005 1006 Delete
Ron Weasly E55555 1007 1008 1009 Delete
Albus Dumbledore E55656 1010 1011 1012 Delete
Neville Longbottom E89898 1013 1014 1015 Delete
sunitha Kota 516434 1016 Delete
Hermoine Granger E859AB 1001 1002 1003 Delete
Harry Potter E725JB 1004 1005 1006 Delete
Ron Weasly E55555 1007 1008 1009 Delete
Albus Dumbledore E55656 1010 1011 1012 Delete
Neville Longbottom E89898 1013 1014 1015 Delete
sunitha Kota 516434 1016 Delete
suma Rudi_reddy 516411 1017 Delete
[sunitha, Kota, 516434, 1016, Delete]
[suma, Rudi_reddy, 516411, 1017, Delete]
]]></system-out>
    <system-err><![CDATA[SLF4J: No SLF4J providers were found.
SLF4J: Defaulting to no-operation (NOP) logger implementation
SLF4J: See https://www.slf4j.org/codes.html#noProviders for further details.
1677659133786	geckodriver	INFO	Listening on 127.0.0.1:2433
1677659134308	mozrunner::runner	INFO	Running command: "C:\\Program Files\\Mozilla Firefox\\firefox.exe" "--marionette" "--remote-debugging-port" "16001" "--remote ... st:16001/,http://[::1]:16001/" "-no-remote" "-profile" "C:\\Users\\SUNEET~1.KOT\\AppData\\Local\\Temp\\rust_mozprofileDszqCn"
console.warn: services.settings: Ignoring preference override of remote settings server
console.warn: services.settings: Allow by setting MOZ_REMOTE_SETTINGS_DEVTOOLS=1 in the environment
1677659134896	Marionette	INFO	Marionette enabled
Dynamically enable window occlusion 0
1677659134900	Marionette	INFO	Listening on port 54941
Read port: 54941
WebDriver BiDi listening on ws://127.0.0.1:16001
1677659135036	RemoteAgent	WARN	TLS certificate errors will be ignored for this session
console.warn: SearchSettings: "get: No settings file exists, new profile?" (new NotFoundError("Could not open the file at C:\\Users\\SUNEET~1.KOT\\AppData\\Local\\Temp\\rust_mozprofileDszqCn\\search.json.mozlz4", (void 0)))
DevTools listening on ws://127.0.0.1:16001/devtools/browser/3665be3c-d9f3-4bf0-8bc5-5869e01f6dc0
console.warn: LoginRecipes: "Falling back to a synchronous message for: https://www.globalsqa.com."
console.warn: LoginRecipes: "Falling back to a synchronous message for: https://www.globalsqa.com."
console.warn: LoginRecipes: "Falling back to a synchronous message for: https://www.globalsqa.com."
console.warn: LoginRecipes: "Falling back to a synchronous message for: https://www.globalsqa.com."
]]></system-err>
  </testcase>
  <testcase name="customerLogin[org.testng.TestRunner@7bc44ce8](1)" classname="com.persistent.xyzbank.ui.tests.XYZBankTests" time="25.642">
    <system-out><![CDATA[Success of test cases and its details are : addCustomers
Start of test cases and its details are : customerLogin
sunitha Kota
sunitha Kota
1016
0
200
0
Transaction Failed. You can not withdraw amount more than the balance.
Deposit Successful
1000
[Mar, 1,, 2023, 1:55:58, PM, 1000, Credit]
Transaction successful
[Mar, 1,, 2023, 1:55:59, PM, 200, Debit]
800
800
]]></system-out>
    <system-err><![CDATA[console.warn: LoginRecipes: "Falling back to a synchronous message for: https://www.globalsqa.com."
JavaScript error: resource://gre/modules/XULStore.jsm, line 58: Error: Can't find profile directory.
JavaScript error: resource://gre/modules/XULStore.jsm, line 58: Error: Can't find profile directory.
console.warn: LoginRecipes: "Falling back to a synchronous message for: https://www.globalsqa.com."
console.warn: LoginRecipes: "Falling back to a synchronous message for: https://www.globalsqa.com."
console.warn: LoginRecipes: "Falling back to a synchronous message for: https://www.globalsqa.com."
]]></system-err>
  </testcase>
  <testcase name="deleteAccount" classname="com.persistent.xyzbank.ui.tests.XYZBankTests" time="20.386">
    <system-out><![CDATA[Success of test cases and its details are : customerLogin
Start of test cases and its details are : deleteAccount
]]></system-out>
  </testcase>
</testsuite>